<?xml version="1.0" encoding="UTF-8"?>
<!-- Generated by org.testng.reporters.JUnitXMLReporter -->
<testsuite hostname="LAPTOP-H7R7DK85" failures="0" tests="3" name="Test" time="40.004" errors="0" timestamp="3 Nov 2022 05:39:01 GMT">
  <testcase classname="testNGImplementation.CreateContactTest" name="@BeforeClass classSetup" time="0.0">
    <failure type="java.lang.NullPointerException" message="Cannot invoke &amp;quot;genericLibraries.PropertyFileUtility.propertyFileInitialization(String)&amp;quot; because &amp;quot;this.property&amp;quot; is null">
      <![CDATA[java.lang.NullPointerException: Cannot invoke "genericLibraries.PropertyFileUtility.propertyFileInitialization(String)" because "this.property" is null
	at genericLibraries.BaseClass.classSetup(BaseClass.java:59)
... Removed 24 stack frames]]>
    </failure>
  </testcase> <!-- @BeforeClass classSetup -->
  <testcase classname="testNGImplementation.CreateContactTest" name="@BeforeMethod methodSetup" time="0.0">
    <skipped/>
  </testcase> <!-- @BeforeMethod methodSetup -->
  <testcase classname="testNGImplementation.CreateContactTest" name="@AfterMethod methodTearDown" time="0.0">
    <skipped/>
  </testcase> <!-- @AfterMethod methodTearDown -->
  <testcase classname="testNGImplementation.CreateContactTest" name="@AfterClass classTearDown" time="0.0">
    <skipped/>
  </testcase> <!-- @AfterClass classTearDown -->
  <testcase classname="testNGImplementation.CreateOrganizationTest" name="@BeforeClass classSetup" time="0.0">
    <skipped/>
  </testcase> <!-- @BeforeClass classSetup -->
  <testcase classname="testNGImplementation.CreateOrganizationTest" name="@BeforeMethod methodSetup" time="0.0">
    <skipped/>
  </testcase> <!-- @BeforeMethod methodSetup -->
  <testcase classname="testNGImplementation.CreateOrganizationTest" name="@AfterMethod methodTearDown" time="0.0">
    <skipped/>
  </testcase> <!-- @AfterMethod methodTearDown -->
  <testcase classname="testNGImplementation.CreateOrganizationTest" name="@AfterClass classTearDown" time="0.0">
    <skipped/>
  </testcase> <!-- @AfterClass classTearDown -->
  <testcase classname="testNGImplementation.CreateAndDuplicateLeadTest" name="@AfterTest testTearDown" time="0.0">
    <skipped/>
  </testcase> <!-- @AfterTest testTearDown -->
  <testcase classname="testNGImplementation.CreateAndDuplicateLeadTest" name="createAndDuplicateLeadTest" time="24.51"/>
  <testcase classname="testNGImplementation.CreateContactTest" name="createContactTest" time="0.002">
    <skipped/>
  </testcase> <!-- createContactTest -->
  <testcase classname="testNGImplementation.CreateOrganizationTest" name="createOrganizationTest" time="0.0">
    <skipped/>
  </testcase> <!-- createOrganizationTest -->
</testsuite> <!-- Test -->
