<?xml version="1.0" encoding="UTF-8"?>
<testng-results total="3" passed="1" failed="0" skipped="2">
  <reporter-output>
  </reporter-output>
  <suite started-at="2022-11-03T05:38:21Z" name="Suite" finished-at="2022-11-03T05:39:01Z" duration-ms="40004">
    <groups>
    </groups>
    <test started-at="2022-11-03T05:38:21Z" name="Test" finished-at="2022-11-03T05:39:01Z" duration-ms="40004">
      <class name="testNGImplementation.CreateOrganizationTest">
        <test-method is-config="true" signature="classSetup()[pri:0, instance:testNGImplementation.CreateOrganizationTest@51fadaff]" started-at="2022-11-03T11:09:01Z" name="classSetup" finished-at="2022-11-03T11:09:01Z" duration-ms="0" status="SKIP">
          <reporter-output>
          </reporter-output>
        </test-method> <!-- classSetup -->
        <test-method signature="createOrganizationTest()[pri:0, instance:testNGImplementation.CreateOrganizationTest@51fadaff]" started-at="2022-11-03T11:09:01Z" name="createOrganizationTest" finished-at="2022-11-03T11:09:01Z" duration-ms="0" status="SKIP">
          <reporter-output>
          </reporter-output>
        </test-method> <!-- createOrganizationTest -->
        <test-method is-config="true" signature="methodTearDown()[pri:0, instance:testNGImplementation.CreateOrganizationTest@51fadaff]" started-at="2022-11-03T11:09:01Z" name="methodTearDown" finished-at="2022-11-03T11:09:01Z" duration-ms="0" status="SKIP">
          <reporter-output>
          </reporter-output>
        </test-method> <!-- methodTearDown -->
        <test-method is-config="true" signature="methodSetup()[pri:0, instance:testNGImplementation.CreateOrganizationTest@51fadaff]" started-at="2022-11-03T11:09:01Z" name="methodSetup" finished-at="2022-11-03T11:09:01Z" duration-ms="0" status="SKIP">
          <reporter-output>
          </reporter-output>
        </test-method> <!-- methodSetup -->
        <test-method is-config="true" signature="classTearDown()[pri:0, instance:testNGImplementation.CreateOrganizationTest@51fadaff]" started-at="2022-11-03T11:09:01Z" name="classTearDown" finished-at="2022-11-03T11:09:01Z" duration-ms="0" status="SKIP">
          <reporter-output>
          </reporter-output>
        </test-method> <!-- classTearDown -->
      </class> <!-- testNGImplementation.CreateOrganizationTest -->
      <class name="testNGImplementation.CreateContactTest">
        <test-method is-config="true" signature="classSetup()[pri:0, instance:testNGImplementation.CreateContactTest@62010f5c]" started-at="2022-11-03T11:09:01Z" name="classSetup" finished-at="2022-11-03T11:09:01Z" duration-ms="0" status="FAIL">
          <exception class="java.lang.NullPointerException">
            <message>
              <![CDATA[Cannot invoke "genericLibraries.PropertyFileUtility.propertyFileInitialization(String)" because "this.property" is null]]>
            </message>
            <full-stacktrace>
              <![CDATA[java.lang.NullPointerException: Cannot invoke "genericLibraries.PropertyFileUtility.propertyFileInitialization(String)" because "this.property" is null
	at genericLibraries.BaseClass.classSetup(BaseClass.java:59)
	at java.base/jdk.internal.reflect.NativeMethodAccessorImpl.invoke0(Native Method)
	at java.base/jdk.internal.reflect.NativeMethodAccessorImpl.invoke(NativeMethodAccessorImpl.java:78)
	at java.base/jdk.internal.reflect.DelegatingMethodAccessorImpl.invoke(DelegatingMethodAccessorImpl.java:43)
	at java.base/java.lang.reflect.Method.invoke(Method.java:567)
	at org.testng.internal.MethodInvocationHelper.invokeMethod(MethodInvocationHelper.java:85)
	at org.testng.internal.Invoker.invokeConfigurationMethod(Invoker.java:510)
	at org.testng.internal.Invoker.invokeConfigurations(Invoker.java:211)
	at org.testng.internal.Invoker.invokeConfigurations(Invoker.java:138)
	at org.testng.internal.TestMethodWorker.invokeBeforeClassMethods(TestMethodWorker.java:170)
	at org.testng.internal.TestMethodWorker.run(TestMethodWorker.java:104)
	at org.testng.TestRunner.privateRun(TestRunner.java:774)
	at org.testng.TestRunner.run(TestRunner.java:624)
	at org.testng.SuiteRunner.runTest(SuiteRunner.java:359)
	at org.testng.SuiteRunner.runSequentially(SuiteRunner.java:354)
	at org.testng.SuiteRunner.privateRun(SuiteRunner.java:312)
	at org.testng.SuiteRunner.run(SuiteRunner.java:261)
	at org.testng.SuiteRunnerWorker.runSuite(SuiteRunnerWorker.java:52)
	at org.testng.SuiteRunnerWorker.run(SuiteRunnerWorker.java:86)
	at org.testng.TestNG.runSuitesSequentially(TestNG.java:1191)
	at org.testng.TestNG.runSuitesLocally(TestNG.java:1116)
	at org.testng.TestNG.run(TestNG.java:1024)
	at org.testng.remote.AbstractRemoteTestNG.run(AbstractRemoteTestNG.java:115)
	at org.testng.remote.RemoteTestNG.initAndRun(RemoteTestNG.java:251)
	at org.testng.remote.RemoteTestNG.main(RemoteTestNG.java:77)
]]>
            </full-stacktrace>
          </exception> <!-- java.lang.NullPointerException -->
          <reporter-output>
          </reporter-output>
        </test-method> <!-- classSetup -->
        <test-method is-config="true" signature="methodSetup()[pri:0, instance:testNGImplementation.CreateContactTest@62010f5c]" started-at="2022-11-03T11:09:01Z" name="methodSetup" finished-at="2022-11-03T11:09:01Z" duration-ms="0" status="SKIP">
          <reporter-output>
          </reporter-output>
        </test-method> <!-- methodSetup -->
        <test-method signature="createContactTest()[pri:0, instance:testNGImplementation.CreateContactTest@62010f5c]" started-at="2022-11-03T11:09:01Z" name="createContactTest" finished-at="2022-11-03T11:09:01Z" duration-ms="2" status="SKIP">
          <reporter-output>
          </reporter-output>
        </test-method> <!-- createContactTest -->
        <test-method is-config="true" signature="methodTearDown()[pri:0, instance:testNGImplementation.CreateContactTest@62010f5c]" started-at="2022-11-03T11:09:01Z" name="methodTearDown" finished-at="2022-11-03T11:09:01Z" duration-ms="0" status="SKIP">
          <reporter-output>
          </reporter-output>
        </test-method> <!-- methodTearDown -->
        <test-method is-config="true" signature="classTearDown()[pri:0, instance:testNGImplementation.CreateContactTest@62010f5c]" started-at="2022-11-03T11:09:01Z" name="classTearDown" finished-at="2022-11-03T11:09:01Z" duration-ms="0" status="SKIP">
          <reporter-output>
          </reporter-output>
        </test-method> <!-- classTearDown -->
      </class> <!-- testNGImplementation.CreateContactTest -->
      <class name="testNGImplementation.CreateAndDuplicateLeadTest">
        <test-method is-config="true" signature="testSetup()[pri:0, instance:testNGImplementation.CreateAndDuplicateLeadTest@70f02c32]" started-at="2022-11-03T11:08:22Z" name="testSetup" finished-at="2022-11-03T11:08:22Z" duration-ms="10" status="PASS">
          <reporter-output>
          </reporter-output>
        </test-method> <!-- testSetup -->
        <test-method is-config="true" signature="classSetup()[pri:0, instance:testNGImplementation.CreateAndDuplicateLeadTest@70f02c32]" started-at="2022-11-03T11:08:22Z" name="classSetup" finished-at="2022-11-03T11:08:28Z" duration-ms="6626" status="PASS">
          <reporter-output>
          </reporter-output>
        </test-method> <!-- classSetup -->
        <test-method is-config="true" signature="methodSetup()[pri:0, instance:testNGImplementation.CreateAndDuplicateLeadTest@70f02c32]" started-at="2022-11-03T11:08:28Z" name="methodSetup" finished-at="2022-11-03T11:08:33Z" duration-ms="4777" status="PASS">
          <reporter-output>
          </reporter-output>
        </test-method> <!-- methodSetup -->
        <test-method signature="createAndDuplicateLeadTest()[pri:0, instance:testNGImplementation.CreateAndDuplicateLeadTest@70f02c32]" started-at="2022-11-03T11:08:33Z" name="createAndDuplicateLeadTest" finished-at="2022-11-03T11:08:57Z" duration-ms="24510" status="PASS">
          <reporter-output>
          </reporter-output>
        </test-method> <!-- createAndDuplicateLeadTest -->
        <test-method is-config="true" signature="methodTearDown()[pri:0, instance:testNGImplementation.CreateAndDuplicateLeadTest@70f02c32]" started-at="2022-11-03T11:08:58Z" name="methodTearDown" finished-at="2022-11-03T11:09:00Z" duration-ms="2955" status="PASS">
          <reporter-output>
          </reporter-output>
        </test-method> <!-- methodTearDown -->
        <test-method is-config="true" signature="classTearDown()[pri:0, instance:testNGImplementation.CreateAndDuplicateLeadTest@70f02c32]" started-at="2022-11-03T11:09:00Z" name="classTearDown" finished-at="2022-11-03T11:09:01Z" duration-ms="665" status="PASS">
          <reporter-output>
          </reporter-output>
        </test-method> <!-- classTearDown -->
        <test-method is-config="true" signature="testTearDown()[pri:0, instance:testNGImplementation.CreateAndDuplicateLeadTest@70f02c32]" started-at="2022-11-03T11:09:01Z" name="testTearDown" finished-at="2022-11-03T11:09:01Z" duration-ms="0" status="SKIP">
          <reporter-output>
          </reporter-output>
        </test-method> <!-- testTearDown -->
      </class> <!-- testNGImplementation.CreateAndDuplicateLeadTest -->
    </test> <!-- Test -->
  </suite> <!-- Suite -->
</testng-results>
