<?xml version="1.0" encoding="UTF-8"?>
<testng-results total="1" passed="1" failed="0" skipped="0">
  <reporter-output>
  </reporter-output>
  <suite started-at="2022-10-27T06:19:01Z" name="Default suite" finished-at="2022-10-27T06:19:39Z" duration-ms="38064">
    <groups>
    </groups>
    <test started-at="2022-10-27T06:19:01Z" name="Default test" finished-at="2022-10-27T06:19:39Z" duration-ms="38064">
      <class name="testNGImplementation.CreateAndDuplicateLeadTest">
        <test-method is-config="true" signature="testSetup()[pri:0, instance:testNGImplementation.CreateAndDuplicateLeadTest@21ba0741]" started-at="2022-10-27T11:49:01Z" name="testSetup" finished-at="2022-10-27T11:49:01Z" duration-ms="13" status="PASS">
          <reporter-output>
          </reporter-output>
        </test-method> <!-- testSetup -->
        <test-method is-config="true" signature="classSetup()[pri:0, instance:testNGImplementation.CreateAndDuplicateLeadTest@21ba0741]" started-at="2022-10-27T11:49:01Z" name="classSetup" finished-at="2022-10-27T11:49:07Z" duration-ms="5727" status="PASS">
          <reporter-output>
          </reporter-output>
        </test-method> <!-- classSetup -->
        <test-method is-config="true" signature="methodSetup()[pri:0, instance:testNGImplementation.CreateAndDuplicateLeadTest@21ba0741]" started-at="2022-10-27T11:49:07Z" name="methodSetup" finished-at="2022-10-27T11:49:11Z" duration-ms="4351" status="PASS">
          <reporter-output>
          </reporter-output>
        </test-method> <!-- methodSetup -->
        <test-method signature="createAndDuplicateLeadTest()[pri:0, instance:testNGImplementation.CreateAndDuplicateLeadTest@21ba0741]" started-at="2022-10-27T11:49:11Z" name="createAndDuplicateLeadTest" finished-at="2022-10-27T11:49:36Z" duration-ms="24592" status="PASS">
          <reporter-output>
          </reporter-output>
        </test-method> <!-- createAndDuplicateLeadTest -->
        <test-method is-config="true" signature="methodTearDown()[pri:0, instance:testNGImplementation.CreateAndDuplicateLeadTest@21ba0741]" started-at="2022-10-27T11:49:36Z" name="methodTearDown" finished-at="2022-10-27T11:49:38Z" duration-ms="2767" status="PASS">
          <reporter-output>
          </reporter-output>
        </test-method> <!-- methodTearDown -->
        <test-method is-config="true" signature="classTearDown()[pri:0, instance:testNGImplementation.CreateAndDuplicateLeadTest@21ba0741]" started-at="2022-10-27T11:49:38Z" name="classTearDown" finished-at="2022-10-27T11:49:39Z" duration-ms="599" status="PASS">
          <reporter-output>
          </reporter-output>
        </test-method> <!-- classTearDown -->
        <test-method is-config="true" signature="testTearDown()[pri:0, instance:testNGImplementation.CreateAndDuplicateLeadTest@21ba0741]" started-at="2022-10-27T11:49:39Z" name="testTearDown" finished-at="2022-10-27T11:49:39Z" duration-ms="0" status="PASS">
          <reporter-output>
          </reporter-output>
        </test-method> <!-- testTearDown -->
      </class> <!-- testNGImplementation.CreateAndDuplicateLeadTest -->
    </test> <!-- Default test -->
  </suite> <!-- Default suite -->
</testng-results>
